<?xml version="1.0" encoding="UTF-8"?>
<testng-results ignored="0" total="1" passed="1" failed="0" skipped="0">
  <reporter-output>
  </reporter-output>
  <suite started-at="2025-03-11T16:10:10 IST" name="Suite" finished-at="2025-03-11T16:10:24 IST" duration-ms="13927">
    <groups>
      <group name="cucumber">
        <method signature="AbstractTestNGCucumberTests.runScenario(io.cucumber.testng.PickleWrapper,io.cucumber.testng.FeatureWrapper)[pri:0, instance:Runner.RediffRunner@4470f8a6]" name="runScenario" class="io.cucumber.testng.AbstractTestNGCucumberTests"/>
      </group> <!-- cucumber -->
    </groups>
    <test started-at="2025-03-11T16:10:10 IST" name="Test" finished-at="2025-03-11T16:10:24 IST" duration-ms="13927">
      <class name="Runner.RediffRunner">
        <test-method is-config="true" signature="setUpClass(org.testng.ITestContext)[pri:0, instance:Runner.RediffRunner@4470f8a6]" started-at="2025-03-11T16:10:11 IST" name="setUpClass" finished-at="2025-03-11T16:10:11 IST" duration-ms="677" status="PASS">
          <params>
            <param index="0">
              <value>
                <![CDATA[org.testng.TestRunner@22bdb1d0]]>
              </value>
            </param>
          </params>
          <reporter-output>
          </reporter-output>
        </test-method> <!-- setUpClass -->
        <test-method signature="runScenario(io.cucumber.testng.PickleWrapper,io.cucumber.testng.FeatureWrapper)[pri:0, instance:Runner.RediffRunner@4470f8a6]" started-at="2025-03-11T16:10:11 IST" name="runScenario" description="Runs Cucumber Scenarios" data-provider="scenarios" finished-at="2025-03-11T16:10:24 IST" duration-ms="12805" status="PASS">
          <params>
            <param index="0">
              <value>
                <![CDATA["User signs in with valid credentials"]]>
              </value>
            </param>
            <param index="1">
              <value>
                <![CDATA["Rediff Account Functionality"]]>
              </value>
            </param>
          </params>
          <reporter-output>
          </reporter-output>
        </test-method> <!-- runScenario -->
        <test-method is-config="true" signature="tearDownClass()[pri:0, instance:Runner.RediffRunner@4470f8a6]" started-at="2025-03-11T16:10:24 IST" name="tearDownClass" finished-at="2025-03-11T16:10:24 IST" duration-ms="70" status="PASS">
          <reporter-output>
          </reporter-output>
        </test-method> <!-- tearDownClass -->
      </class> <!-- Runner.RediffRunner -->
    </test> <!-- Test -->
  </suite> <!-- Suite -->
</testng-results>
