<?xml version="1.0" encoding="UTF-8"?>
<testsuite xmlns:xsi="http://www.w3.org/2001/XMLSchema-instance" xsi:noNamespaceSchemaLocation="https://maven.apache.org/surefire/maven-surefire-plugin/xsd/surefire-test-report.xsd" name="TestSuite" time="29.36" tests="5" errors="0" skipped="0" failures="0">
  <properties>
[...]
</properties>
  <testcase name="verifylogin" classname="TestCases.VerifyPage1" time="0.287"/>
  <testcase name="verifylogin" classname="TestCases.VerifyPage1" time="0.333"/>
  <testcase name="verifylogin" classname="TestCases.VerifyPage1" time="0.492"/>
  <testcase name="verifylogin" classname="TestCases.VerifyPage1" time="0.42"/>
  <testcase name="verifyForgetPwd" classname="TestCases.VerifyPage1" time="3.33"/>
</testsuite>