<?xml version="1.0" encoding="UTF-8"?>
<testng-results ignored="0" total="5" passed="5" failed="0" skipped="0">
  <reporter-output>
  </reporter-output>
  <suite started-at="2025-03-08T15:16:20 IST" name="Suite" finished-at="2025-03-08T15:16:48 IST" duration-ms="28499">
    <groups>
    </groups>
    <test started-at="2025-03-08T15:16:20 IST" name="Test" finished-at="2025-03-08T15:16:48 IST" duration-ms="28499">
      <class name="TestCases.VerifyPage1">
        <test-method is-config="true" signature="setup()[pri:0, instance:TestCases.VerifyPage1@5bd03f44]" started-at="2025-03-08T15:16:21 IST" name="setup" finished-at="2025-03-08T15:16:25 IST" duration-ms="3940" status="PASS">
          <reporter-output>
          </reporter-output>
        </test-method> <!-- setup -->
        <test-method signature="verifylogin(java.lang.String,java.lang.String)[pri:1, instance:TestCases.VerifyPage1@5bd03f44]" started-at="2025-03-08T15:16:25 IST" name="verifylogin" data-provider="info" finished-at="2025-03-08T15:16:25 IST" duration-ms="282" status="PASS">
          <params>
            <param index="0">
              <value>
                <![CDATA[unm]]>
              </value>
            </param>
            <param index="1">
              <value>
                <![CDATA[pass]]>
              </value>
            </param>
          </params>
          <reporter-output>
          </reporter-output>
        </test-method> <!-- verifylogin -->
        <test-method is-config="true" signature="tearDown(org.testng.ITestResult)[pri:0, instance:TestCases.VerifyPage1@5bd03f44]" started-at="2025-03-08T15:16:25 IST" name="tearDown" finished-at="2025-03-08T15:16:26 IST" duration-ms="331" status="PASS">
          <params>
            <param index="0">
              <value>
                <![CDATA[[TestResult name=verifylogin status=SUCCESS method=VerifyPage1.verifylogin(java.lang.String,java.lang.String)[pri:1, instance:TestCases.VerifyPage1@5bd03f44] output={null}]]]>
              </value>
            </param>
          </params>
          <reporter-output>
          </reporter-output>
        </test-method> <!-- tearDown -->
        <test-method is-config="true" signature="setup()[pri:0, instance:TestCases.VerifyPage1@5bd03f44]" started-at="2025-03-08T15:16:26 IST" name="setup" finished-at="2025-03-08T15:16:28 IST" duration-ms="2866" status="PASS">
          <reporter-output>
          </reporter-output>
        </test-method> <!-- setup -->
        <test-method signature="verifylogin(java.lang.String,java.lang.String)[pri:1, instance:TestCases.VerifyPage1@5bd03f44]" started-at="2025-03-08T15:16:28 IST" name="verifylogin" data-provider="info" finished-at="2025-03-08T15:16:29 IST" duration-ms="333" status="PASS">
          <params>
            <param index="0">
              <value>
                <![CDATA[aaa]]>
              </value>
            </param>
            <param index="1">
              <value>
                <![CDATA[a123]]>
              </value>
            </param>
          </params>
          <reporter-output>
          </reporter-output>
        </test-method> <!-- verifylogin -->
        <test-method is-config="true" signature="tearDown(org.testng.ITestResult)[pri:0, instance:TestCases.VerifyPage1@5bd03f44]" started-at="2025-03-08T15:16:29 IST" name="tearDown" finished-at="2025-03-08T15:16:29 IST" duration-ms="336" status="PASS">
          <params>
            <param index="0">
              <value>
                <![CDATA[[TestResult name=verifylogin status=SUCCESS method=VerifyPage1.verifylogin(java.lang.String,java.lang.String)[pri:1, instance:TestCases.VerifyPage1@5bd03f44] output={null}]]]>
              </value>
            </param>
          </params>
          <reporter-output>
          </reporter-output>
        </test-method> <!-- tearDown -->
        <test-method is-config="true" signature="setup()[pri:0, instance:TestCases.VerifyPage1@5bd03f44]" started-at="2025-03-08T15:16:29 IST" name="setup" finished-at="2025-03-08T15:16:32 IST" duration-ms="3147" status="PASS">
          <reporter-output>
          </reporter-output>
        </test-method> <!-- setup -->
        <test-method signature="verifylogin(java.lang.String,java.lang.String)[pri:1, instance:TestCases.VerifyPage1@5bd03f44]" started-at="2025-03-08T15:16:32 IST" name="verifylogin" data-provider="info" finished-at="2025-03-08T15:16:33 IST" duration-ms="489" status="PASS">
          <params>
            <param index="0">
              <value>
                <![CDATA[bbb]]>
              </value>
            </param>
            <param index="1">
              <value>
                <![CDATA[b123]]>
              </value>
            </param>
          </params>
          <reporter-output>
          </reporter-output>
        </test-method> <!-- verifylogin -->
        <test-method is-config="true" signature="tearDown(org.testng.ITestResult)[pri:0, instance:TestCases.VerifyPage1@5bd03f44]" started-at="2025-03-08T15:16:33 IST" name="tearDown" finished-at="2025-03-08T15:16:33 IST" duration-ms="432" status="PASS">
          <params>
            <param index="0">
              <value>
                <![CDATA[[TestResult name=verifylogin status=SUCCESS method=VerifyPage1.verifylogin(java.lang.String,java.lang.String)[pri:1, instance:TestCases.VerifyPage1@5bd03f44] output={null}]]]>
              </value>
            </param>
          </params>
          <reporter-output>
          </reporter-output>
        </test-method> <!-- tearDown -->
        <test-method is-config="true" signature="setup()[pri:0, instance:TestCases.VerifyPage1@5bd03f44]" started-at="2025-03-08T15:16:33 IST" name="setup" finished-at="2025-03-08T15:16:40 IST" duration-ms="6753" status="PASS">
          <reporter-output>
          </reporter-output>
        </test-method> <!-- setup -->
        <test-method signature="verifylogin(java.lang.String,java.lang.String)[pri:1, instance:TestCases.VerifyPage1@5bd03f44]" started-at="2025-03-08T15:16:40 IST" name="verifylogin" data-provider="info" finished-at="2025-03-08T15:16:40 IST" duration-ms="418" status="PASS">
          <params>
            <param index="0">
              <value>
                <![CDATA[ccc]]>
              </value>
            </param>
            <param index="1">
              <value>
                <![CDATA[c123]]>
              </value>
            </param>
          </params>
          <reporter-output>
          </reporter-output>
        </test-method> <!-- verifylogin -->
        <test-method is-config="true" signature="tearDown(org.testng.ITestResult)[pri:0, instance:TestCases.VerifyPage1@5bd03f44]" started-at="2025-03-08T15:16:40 IST" name="tearDown" finished-at="2025-03-08T15:16:41 IST" duration-ms="550" status="PASS">
          <params>
            <param index="0">
              <value>
                <![CDATA[[TestResult name=verifylogin status=SUCCESS method=VerifyPage1.verifylogin(java.lang.String,java.lang.String)[pri:1, instance:TestCases.VerifyPage1@5bd03f44] output={null}]]]>
              </value>
            </param>
          </params>
          <reporter-output>
          </reporter-output>
        </test-method> <!-- tearDown -->
        <test-method is-config="true" signature="setup()[pri:0, instance:TestCases.VerifyPage1@5bd03f44]" started-at="2025-03-08T15:16:41 IST" name="setup" finished-at="2025-03-08T15:16:45 IST" duration-ms="3711" status="PASS">
          <reporter-output>
          </reporter-output>
        </test-method> <!-- setup -->
        <test-method signature="verifyForgetPwd()[pri:2, instance:TestCases.VerifyPage1@5bd03f44]" started-at="2025-03-08T15:16:45 IST" name="verifyForgetPwd" finished-at="2025-03-08T15:16:48 IST" duration-ms="3331" status="PASS">
          <reporter-output>
          </reporter-output>
        </test-method> <!-- verifyForgetPwd -->
        <test-method is-config="true" signature="tearDown(org.testng.ITestResult)[pri:0, instance:TestCases.VerifyPage1@5bd03f44]" started-at="2025-03-08T15:16:48 IST" name="tearDown" finished-at="2025-03-08T15:16:48 IST" duration-ms="447" status="PASS">
          <params>
            <param index="0">
              <value>
                <![CDATA[[TestResult name=verifyForgetPwd status=SUCCESS method=VerifyPage1.verifyForgetPwd()[pri:2, instance:TestCases.VerifyPage1@5bd03f44] output={null}]]]>
              </value>
            </param>
          </params>
          <reporter-output>
          </reporter-output>
        </test-method> <!-- tearDown -->
      </class> <!-- TestCases.VerifyPage1 -->
    </test> <!-- Test -->
  </suite> <!-- Suite -->
</testng-results>
