<?xml version="1.0" encoding="UTF-8"?>
<!-- Generated by org.testng.reporters.JUnitXMLReporter -->
<testsuite ignored="0" hostname="DESKTOP-MI2JT6S" failures="0" tests="5" name="Test" time="28.499" errors="0" timestamp="2025-03-08T15:16:48 IST">
  <testcase classname="TestCases.VerifyPage1" name="verifylogin" time="0.282"/>
  <testcase classname="TestCases.VerifyPage1" name="verifylogin" time="0.333"/>
  <testcase classname="TestCases.VerifyPage1" name="verifylogin" time="0.489"/>
  <testcase classname="TestCases.VerifyPage1" name="verifylogin" time="0.418"/>
  <testcase classname="TestCases.VerifyPage1" name="verifyForgetPwd" time="3.331"/>
</testsuite> <!-- Test -->
