<?xml version="1.0" encoding="UTF-8"?>
<!-- Generated by org.testng.reporters.JUnitXMLReporter -->
<testsuite ignored="1" hostname="DESKTOP-MI2JT6S" failures="0" tests="4" name="Default test" time="15.438" errors="0" timestamp="2025-03-04T09:15:15 IST">
  <testcase classname="TestCases.VerifyPage1" name="verifylogin" time="0.371"/>
  <testcase classname="TestCases.VerifyPage1" name="verifylogin" time="0.282"/>
  <testcase classname="TestCases.VerifyPage1" name="verifylogin" time="0.223"/>
  <testcase classname="TestCases.VerifyPage1" name="verifylogin" time="0.301"/>
  <testcase classname="TestCases.VerifyPage1" name="verifyForgetPwd" time="0.0">
    <ignored/>
  </testcase> <!-- verifyForgetPwd -->
</testsuite> <!-- Default test -->
