<?xml version="1.0" encoding="UTF-8"?>
<!-- Generated by org.testng.reporters.JUnitXMLReporter -->
<testsuite ignored="0" hostname="DESKTOP-MI2JT6S" failures="1" tests="3" name="Test1" time="0.195" errors="0" timestamp="2025-02-28T14:38:54 IST">
  <testcase classname="Feb_28.Sample" name="loginTc" time="0.055"/>
  <testcase classname="Feb_28.Sample" name="search" time="0.012">
    <failure type="junit.framework.ComparisonFailure" message="expected:&amp;lt;aaa&amp;gt; but was:&amp;lt;bbb&amp;gt;">
      <![CDATA[junit.framework.ComparisonFailure: expected:<aaa> but was:<bbb>
at junit.framework.Assert.assertEquals(Assert.java:81)
at junit.framework.Assert.assertEquals(Assert.java:87)
at Feb_28.Sample.search(Sample.java:17)
at java.base/java.util.ArrayList.forEach(ArrayList.java:1597)
... Removed 25 stack frames]]>
    </failure>
  </testcase> <!-- search -->
  <testcase classname="Feb_28.Sample" name="logoutTc" time="0.003"/>
</testsuite> <!-- Test1 -->
