<?xml version="1.0" encoding="UTF-8"?>
<!-- Generated by org.testng.reporters.JUnitXMLReporter -->
<testsuite ignored="0" hostname="DESKTOP-MI2JT6S" failures="1" tests="2" name="Test2" time="0.021" errors="0" timestamp="2025-02-28T14:38:54 IST">
  <testcase classname="Feb_28.Sample2" name="login" time="0.001"/>
  <testcase classname="Feb_28.Sample2" name="search" time="0.013">
    <failure type="java.lang.AssertionError" message=" check the input values... expected [java] but found [Java]">
      <![CDATA[java.lang.AssertionError:  check the input values... expected [java] but found [Java]
at Feb_28.Sample2.search(Sample2.java:25)
at java.base/java.util.ArrayList.forEach(ArrayList.java:1597)
... Removed 30 stack frames]]>
    </failure>
  </testcase> <!-- search -->
</testsuite> <!-- Test2 -->
