<?xml version="1.0" encoding="UTF-8"?>
<!-- Generated by org.testng.reporters.JUnitXMLReporter -->
<testsuite ignored="0" hostname="DESKTOP-MI2JT6S" failures="0" tests="5" name="Test" time="30.763" errors="0" timestamp="2025-03-04T16:37:34 IST">
  <testcase classname="TestCases.VerifyPage1" name="verifylogin" time="0.551"/>
  <testcase classname="TestCases.VerifyPage1" name="verifylogin" time="0.459"/>
  <testcase classname="TestCases.VerifyPage1" name="verifylogin" time="0.499"/>
  <testcase classname="TestCases.VerifyPage1" name="verifylogin" time="0.597"/>
  <testcase classname="TestCases.VerifyPage1" name="verifyForgetPwd" time="3.771"/>
</testsuite> <!-- Test -->
